<component name="libraryTable">
  <library name="junit.platform.suite.api" type="repository">
    <properties maven-id="org.junit.platform:junit-platform-suite-api:1.11.3" />
    <CLASSES>
      <root url="jar://$MAVEN_REPOSITORY$/org/junit/platform/junit-platform-suite-api/1.11.3/junit-platform-suite-api-1.11.3.jar!/" />
      <root url="jar://$MAVEN_REPOSITORY$/org/junit/platform/junit-platform-commons/1.11.3/junit-platform-commons-1.11.3.jar!/" />
      <root url="jar://$MAVEN_REPOSITORY$/org/apiguardian/apiguardian-api/1.1.2/apiguardian-api-1.1.2.jar!/" />
    </CLASSES>
    <JAVADOC />
    <SOURCES />
  </library>
</component>